<?xml version="1.0" encoding="UTF-8"?>
<!-- Generated by org.testng.reporters.JUnitReportReporter -->
<testsuite name="com.automation.testcases.LoginTestCRM" tests="2" time="0.029" ignored="1" failures="0" timestamp="08 Sep 2020 06:10:03 GMT" skipped="2" hostname="DESKTOP-QLULGTR" errors="0">
  <testcase name="addingUser" time="0.014" classname="com.automation.testcases.LoginTestCRM">
    <skipped/>
  </testcase> <!-- addingUser -->
  <testcase name="loginApplication" time="0.015" classname="com.automation.testcases.LoginTestCRM">
    <skipped/>
  </testcase> <!-- loginApplication -->
  <testcase name="setUpSuite" classname="com.automation.pages.BaseClass">
    <skipped/>
  </testcase> <!-- setUpSuite -->
</testsuite> <!-- com.automation.testcases.LoginTestCRM -->
